Drill report for Blinky_THT.kicad_pcb
Created on 2025-12-04T13:33:07+0100

Copper Layer Stackup:
    =============================================================
    L1 :  F.Cu                      front
    L2 :  B.Cu                      back


Drill file 'Blinky_THT.drl' contains
    plated through holes:
    =============================================================
    T1  0,800mm  0,0315"  (26 holes)
    T2  0,900mm  0,0354"  (4 holes)
    T3  1,000mm  0,0394"  (2 holes)
    T4  1,300mm  0,0512"  (3 holes)

    Total plated holes count 35


Not plated through holes are merged with plated holes
    unplated through holes:
    =============================================================
    T5  1,500mm  0,0591"  (2 holes)
    T6  3,200mm  0,1260"  (4 holes)
    T7  4,000mm  0,1575"  (1 hole)

    Total unplated holes count 7
